<?xml version="1.0" encoding="UTF-8"?>
<!-- Generated by org.testng.reporters.JUnitReportReporter -->
<testsuite hostname="user-PC" name="admin.phptravels.Test1" tests="1" failures="0" timestamp="14 Aug 2017 08:26:45 GMT" time="6.179" errors="0">
  <testcase name="Login" time="6.179" classname="admin.phptravels.Test1"/>
</testsuite> <!-- admin.phptravels.Test1 -->
