<?xml version="1.0" encoding="UTF-8"?>
<!-- Generated by org.testng.reporters.JUnitReportReporter -->
<testsuite hostname="user-PC" name="admin.phptravels.Test1" tests="1" failures="0" timestamp="14 Aug 2017 09:24:23 GMT" time="7.543" errors="0">
  <testcase name="Login" time="7.543" classname="admin.phptravels.Test1"/>
</testsuite> <!-- admin.phptravels.Test1 -->
